2020-05-07 11:42:21.298  INFO 5684 --- [main] com.zhl.beauty.BeautyApplication         : Starting BeautyApplication on DPU0ZC2Q760YURT with PID 5684 (H:\ideaproject\beauty\target\classes started by huanlin-zhl in H:\ideaproject\beauty)
2020-05-07 11:42:21.298  INFO 5684 --- [main] com.zhl.beauty.BeautyApplication         : No active profile set, falling back to default profiles: default
2020-05-07 11:42:22.438  INFO 5684 --- [main] o.s.b.w.embedded.tomcat.TomcatWebServer  : Tomcat initialized with port(s): 10712 (http)
2020-05-07 11:42:22.438  INFO 5684 --- [main] o.apache.catalina.core.StandardService   : Starting service [Tomcat]
2020-05-07 11:42:22.438  INFO 5684 --- [main] org.apache.catalina.core.StandardEngine  : Starting Servlet engine: [Apache Tomcat/9.0.33]
2020-05-07 11:42:22.548  INFO 5684 --- [main] o.a.c.c.C.[Tomcat].[localhost].[/]       : Initializing Spring embedded WebApplicationContext
2020-05-07 11:42:22.548  INFO 5684 --- [main] o.s.web.context.ContextLoader            : Root WebApplicationContext: initialization completed in 1203 ms
2020-05-07 11:42:23.329  WARN 5684 --- [main] ion$DefaultTemplateResolverConfiguration : Cannot find template location: classpath:/templates/ (please add some templates or check your Thymeleaf configuration)
2020-05-07 11:42:23.360  INFO 5684 --- [main] t.m.m.autoconfigure.MapperCacheDisabler  : Clear tk.mybatis.mapper.util.MsUtil CLASS_CACHE cache.
2020-05-07 11:42:23.360  INFO 5684 --- [main] t.m.m.autoconfigure.MapperCacheDisabler  : Clear tk.mybatis.mapper.genid.GenIdUtil CACHE cache.
2020-05-07 11:42:23.360  INFO 5684 --- [main] t.m.m.autoconfigure.MapperCacheDisabler  : Clear tk.mybatis.mapper.version.VersionUtil CACHE cache.
2020-05-07 11:42:23.360  INFO 5684 --- [main] t.m.m.autoconfigure.MapperCacheDisabler  : Clear EntityHelper entityTableMap cache.
2020-05-07 11:42:23.407  INFO 5684 --- [main] o.s.b.w.embedded.tomcat.TomcatWebServer  : Tomcat started on port(s): 10712 (http) with context path ''
2020-05-07 11:42:23.407  INFO 5684 --- [main] com.zhl.beauty.BeautyApplication         : Started BeautyApplication in 2.588 seconds (JVM running for 4.65)
2020-05-07 11:43:02.974  INFO 5684 --- [http-nio-10712-exec-1] o.a.c.c.C.[Tomcat].[localhost].[/]       : Initializing Spring DispatcherServlet 'dispatcherServlet'
2020-05-07 11:43:02.974  INFO 5684 --- [http-nio-10712-exec-1] o.s.web.servlet.DispatcherServlet        : Initializing Servlet 'dispatcherServlet'
2020-05-07 11:43:02.974  INFO 5684 --- [http-nio-10712-exec-1] o.s.web.servlet.DispatcherServlet        : Completed initialization in 0 ms
2020-05-07 11:43:03.053  INFO 5684 --- [http-nio-10712-exec-1] com.zaxxer.hikari.HikariDataSource       : HikariPool-1 - Starting...
2020-05-07 11:43:03.178  INFO 5684 --- [http-nio-10712-exec-1] com.zaxxer.hikari.HikariDataSource       : HikariPool-1 - Start completed.
2020-05-07 11:43:03.178 DEBUG 5684 --- [http-nio-10712-exec-1] c.z.beauty.mapper.ClothMapper.selectOne  : ==>  Preparing: SELECT id,cloth_id,picture,create_time FROM cloth WHERE cloth_id = ? 
2020-05-07 11:43:03.209 DEBUG 5684 --- [http-nio-10712-exec-1] c.z.beauty.mapper.ClothMapper.selectOne  : ==> Parameters: Ushsjsi(String)
2020-05-07 11:43:03.224 DEBUG 5684 --- [http-nio-10712-exec-1] c.z.beauty.mapper.ClothMapper.selectOne  : <==      Total: 0
2020-05-07 11:43:03.224  WARN 5684 --- [http-nio-10712-exec-1] c.z.b.s.i.ClothScheduledLogServiceImpl   : 不存在该衣服，无法查找相关预定记录, clothId:Ushsjsi
2020-05-07 11:43:03.240  WARN 5684 --- [http-nio-10712-exec-1] c.z.b.c.GlobalExceptionHandler           : 后端出现了业务异常， errMsg:数据库不存在该衣服，请确定衣服编号或重新添加该衣服, exception:{}

com.zhl.beauty.common.exception.BeautyException: null
	at com.zhl.beauty.service.impl.ClothScheduledLogServiceImpl.findAllScheduledLog(ClothScheduledLogServiceImpl.java:104) ~[classes/:na]
	at com.zhl.beauty.controller.ClothScheduledController.findAllScheduledByClothId(ClothScheduledController.java:30) ~[classes/:na]
	at sun.reflect.NativeMethodAccessorImpl.invoke0(Native Method) ~[na:1.8.0_201]
	at sun.reflect.NativeMethodAccessorImpl.invoke(NativeMethodAccessorImpl.java:62) ~[na:1.8.0_201]
	at sun.reflect.DelegatingMethodAccessorImpl.invoke(DelegatingMethodAccessorImpl.java:43) ~[na:1.8.0_201]
	at java.lang.reflect.Method.invoke(Method.java:498) ~[na:1.8.0_201]
	at org.springframework.web.method.support.InvocableHandlerMethod.doInvoke(InvocableHandlerMethod.java:190) ~[spring-web-5.2.5.RELEASE.jar:5.2.5.RELEASE]
	at org.springframework.web.method.support.InvocableHandlerMethod.invokeForRequest(InvocableHandlerMethod.java:138) ~[spring-web-5.2.5.RELEASE.jar:5.2.5.RELEASE]
	at org.springframework.web.servlet.mvc.method.annotation.ServletInvocableHandlerMethod.invokeAndHandle(ServletInvocableHandlerMethod.java:105) ~[spring-webmvc-5.2.5.RELEASE.jar:5.2.5.RELEASE]
	at org.springframework.web.servlet.mvc.method.annotation.RequestMappingHandlerAdapter.invokeHandlerMethod(RequestMappingHandlerAdapter.java:879) ~[spring-webmvc-5.2.5.RELEASE.jar:5.2.5.RELEASE]
	at org.springframework.web.servlet.mvc.method.annotation.RequestMappingHandlerAdapter.handleInternal(RequestMappingHandlerAdapter.java:793) ~[spring-webmvc-5.2.5.RELEASE.jar:5.2.5.RELEASE]
	at org.springframework.web.servlet.mvc.method.AbstractHandlerMethodAdapter.handle(AbstractHandlerMethodAdapter.java:87) ~[spring-webmvc-5.2.5.RELEASE.jar:5.2.5.RELEASE]
	at org.springframework.web.servlet.DispatcherServlet.doDispatch(DispatcherServlet.java:1040) ~[spring-webmvc-5.2.5.RELEASE.jar:5.2.5.RELEASE]
	at org.springframework.web.servlet.DispatcherServlet.doService(DispatcherServlet.java:943) ~[spring-webmvc-5.2.5.RELEASE.jar:5.2.5.RELEASE]
	at org.springframework.web.servlet.FrameworkServlet.processRequest(FrameworkServlet.java:1006) [spring-webmvc-5.2.5.RELEASE.jar:5.2.5.RELEASE]
	at org.springframework.web.servlet.FrameworkServlet.doGet(FrameworkServlet.java:898) [spring-webmvc-5.2.5.RELEASE.jar:5.2.5.RELEASE]
	at javax.servlet.http.HttpServlet.service(HttpServlet.java:634) [tomcat-embed-core-9.0.33.jar:9.0.33]
	at org.springframework.web.servlet.FrameworkServlet.service(FrameworkServlet.java:883) [spring-webmvc-5.2.5.RELEASE.jar:5.2.5.RELEASE]
	at javax.servlet.http.HttpServlet.service(HttpServlet.java:741) [tomcat-embed-core-9.0.33.jar:9.0.33]
	at org.apache.catalina.core.ApplicationFilterChain.internalDoFilter(ApplicationFilterChain.java:231) [tomcat-embed-core-9.0.33.jar:9.0.33]
	at org.apache.catalina.core.ApplicationFilterChain.doFilter(ApplicationFilterChain.java:166) [tomcat-embed-core-9.0.33.jar:9.0.33]
	at org.apache.tomcat.websocket.server.WsFilter.doFilter(WsFilter.java:53) [tomcat-embed-websocket-9.0.33.jar:9.0.33]
	at org.apache.catalina.core.ApplicationFilterChain.internalDoFilter(ApplicationFilterChain.java:193) [tomcat-embed-core-9.0.33.jar:9.0.33]
	at org.apache.catalina.core.ApplicationFilterChain.doFilter(ApplicationFilterChain.java:166) [tomcat-embed-core-9.0.33.jar:9.0.33]
	at org.springframework.web.filter.CharacterEncodingFilter.doFilterInternal(CharacterEncodingFilter.java:201) [spring-web-5.2.5.RELEASE.jar:5.2.5.RELEASE]
	at org.springframework.web.filter.OncePerRequestFilter.doFilter(OncePerRequestFilter.java:119) [spring-web-5.2.5.RELEASE.jar:5.2.5.RELEASE]
	at org.apache.catalina.core.ApplicationFilterChain.internalDoFilter(ApplicationFilterChain.java:193) [tomcat-embed-core-9.0.33.jar:9.0.33]
	at org.apache.catalina.core.ApplicationFilterChain.doFilter(ApplicationFilterChain.java:166) [tomcat-embed-core-9.0.33.jar:9.0.33]
	at org.apache.catalina.core.StandardWrapperValve.invoke(StandardWrapperValve.java:202) [tomcat-embed-core-9.0.33.jar:9.0.33]
	at org.apache.catalina.core.StandardContextValve.invoke(StandardContextValve.java:96) [tomcat-embed-core-9.0.33.jar:9.0.33]
	at org.apache.catalina.authenticator.AuthenticatorBase.invoke(AuthenticatorBase.java:541) [tomcat-embed-core-9.0.33.jar:9.0.33]
	at org.apache.catalina.core.StandardHostValve.invoke(StandardHostValve.java:139) [tomcat-embed-core-9.0.33.jar:9.0.33]
	at org.apache.catalina.valves.ErrorReportValve.invoke(ErrorReportValve.java:92) [tomcat-embed-core-9.0.33.jar:9.0.33]
	at org.apache.catalina.core.StandardEngineValve.invoke(StandardEngineValve.java:74) [tomcat-embed-core-9.0.33.jar:9.0.33]
	at org.apache.catalina.connector.CoyoteAdapter.service(CoyoteAdapter.java:343) [tomcat-embed-core-9.0.33.jar:9.0.33]
	at org.apache.coyote.http11.Http11Processor.service(Http11Processor.java:373) [tomcat-embed-core-9.0.33.jar:9.0.33]
	at org.apache.coyote.AbstractProcessorLight.process(AbstractProcessorLight.java:65) [tomcat-embed-core-9.0.33.jar:9.0.33]
	at org.apache.coyote.AbstractProtocol$ConnectionHandler.process(AbstractProtocol.java:868) [tomcat-embed-core-9.0.33.jar:9.0.33]
	at org.apache.tomcat.util.net.NioEndpoint$SocketProcessor.doRun(NioEndpoint.java:1594) [tomcat-embed-core-9.0.33.jar:9.0.33]
	at org.apache.tomcat.util.net.SocketProcessorBase.run(SocketProcessorBase.java:49) [tomcat-embed-core-9.0.33.jar:9.0.33]
	at java.util.concurrent.ThreadPoolExecutor.runWorker(ThreadPoolExecutor.java:1149) [na:1.8.0_201]
	at java.util.concurrent.ThreadPoolExecutor$Worker.run(ThreadPoolExecutor.java:624) [na:1.8.0_201]
	at org.apache.tomcat.util.threads.TaskThread$WrappingRunnable.run(TaskThread.java:61) [tomcat-embed-core-9.0.33.jar:9.0.33]
	at java.lang.Thread.run(Thread.java:748) [na:1.8.0_201]

2020-05-07 11:43:09.209 DEBUG 5684 --- [http-nio-10712-exec-2] c.z.beauty.mapper.ClothMapper.selectOne  : ==>  Preparing: SELECT id,cloth_id,picture,create_time FROM cloth WHERE cloth_id = ? 
2020-05-07 11:43:09.209 DEBUG 5684 --- [http-nio-10712-exec-2] c.z.beauty.mapper.ClothMapper.selectOne  : ==> Parameters: Qqq(String)
2020-05-07 11:43:09.209 TRACE 5684 --- [http-nio-10712-exec-2] c.z.beauty.mapper.ClothMapper.selectOne  : <==    Columns: id, cloth_id, picture, create_time
2020-05-07 11:43:09.209 TRACE 5684 --- [http-nio-10712-exec-2] c.z.beauty.mapper.ClothMapper.selectOne  : <==        Row: 26, Qqq, mmexport1579955265193.jpg, 2020-05-06 19:07:04
2020-05-07 11:43:09.225 DEBUG 5684 --- [http-nio-10712-exec-2] c.z.beauty.mapper.ClothMapper.selectOne  : <==      Total: 1
2020-05-07 11:43:09.225 DEBUG 5684 --- [http-nio-10712-exec-2] c.z.b.m.ClothScheduledLogMapper.select   : ==>  Preparing: SELECT id,cloth_id,scheduled_time,create_time,update_time FROM cloth_scheduled_log WHERE cloth_id = ? 
2020-05-07 11:43:09.225 DEBUG 5684 --- [http-nio-10712-exec-2] c.z.b.m.ClothScheduledLogMapper.select   : ==> Parameters: Qqq(String)
2020-05-07 11:43:09.225 TRACE 5684 --- [http-nio-10712-exec-2] c.z.b.m.ClothScheduledLogMapper.select   : <==    Columns: id, cloth_id, scheduled_time, create_time, update_time
2020-05-07 11:43:09.225 TRACE 5684 --- [http-nio-10712-exec-2] c.z.b.m.ClothScheduledLogMapper.select   : <==        Row: 26, Qqq, 2026-05-06 08:00:00, 2020-05-06 19:07:10, 2020-05-06 19:07:10
2020-05-07 11:43:09.225 TRACE 5684 --- [http-nio-10712-exec-2] c.z.b.m.ClothScheduledLogMapper.select   : <==        Row: 27, Qqq, 2026-10-06 08:00:00, 2020-05-06 19:07:12, 2020-05-06 19:07:12
2020-05-07 11:43:09.225 TRACE 5684 --- [http-nio-10712-exec-2] c.z.b.m.ClothScheduledLogMapper.select   : <==        Row: 28, Qqq, 2028-10-11 08:00:00, 2020-05-06 19:07:13, 2020-05-06 21:54:40
2020-05-07 11:43:09.225 TRACE 5684 --- [http-nio-10712-exec-2] c.z.b.m.ClothScheduledLogMapper.select   : <==        Row: 29, Qqq, 2020-10-11 08:00:00, 2020-05-06 19:07:14, 2020-05-06 19:07:14
2020-05-07 11:43:09.225 DEBUG 5684 --- [http-nio-10712-exec-2] c.z.b.m.ClothScheduledLogMapper.select   : <==      Total: 4
2020-05-07 11:43:09.475 DEBUG 5684 --- [http-nio-10712-exec-3] c.z.beauty.mapper.ClothMapper.selectOne  : ==>  Preparing: SELECT id,cloth_id,picture,create_time FROM cloth WHERE cloth_id = ? 
2020-05-07 11:43:09.475 DEBUG 5684 --- [http-nio-10712-exec-3] c.z.beauty.mapper.ClothMapper.selectOne  : ==> Parameters: Qqq(String)
2020-05-07 11:43:09.475 TRACE 5684 --- [http-nio-10712-exec-3] c.z.beauty.mapper.ClothMapper.selectOne  : <==    Columns: id, cloth_id, picture, create_time
2020-05-07 11:43:09.475 TRACE 5684 --- [http-nio-10712-exec-3] c.z.beauty.mapper.ClothMapper.selectOne  : <==        Row: 26, Qqq, mmexport1579955265193.jpg, 2020-05-06 19:07:04
2020-05-07 11:43:09.475 DEBUG 5684 --- [http-nio-10712-exec-3] c.z.beauty.mapper.ClothMapper.selectOne  : <==      Total: 1
2020-05-07 11:43:15.771 DEBUG 5684 --- [http-nio-10712-exec-5] c.z.beauty.mapper.ClothMapper.selectOne  : ==>  Preparing: SELECT id,cloth_id,picture,create_time FROM cloth WHERE cloth_id = ? 
2020-05-07 11:43:15.771 DEBUG 5684 --- [http-nio-10712-exec-5] c.z.beauty.mapper.ClothMapper.selectOne  : ==> Parameters: Qqq(String)
2020-05-07 11:43:15.771 TRACE 5684 --- [http-nio-10712-exec-5] c.z.beauty.mapper.ClothMapper.selectOne  : <==    Columns: id, cloth_id, picture, create_time
2020-05-07 11:43:15.771 TRACE 5684 --- [http-nio-10712-exec-5] c.z.beauty.mapper.ClothMapper.selectOne  : <==        Row: 26, Qqq, mmexport1579955265193.jpg, 2020-05-06 19:07:04
2020-05-07 11:43:15.771 DEBUG 5684 --- [http-nio-10712-exec-5] c.z.beauty.mapper.ClothMapper.selectOne  : <==      Total: 1
2020-05-07 11:43:15.771 DEBUG 5684 --- [http-nio-10712-exec-5] c.z.beauty.mapper.ClothMapper.selectOne  : ==>  Preparing: SELECT id,cloth_id,picture,create_time FROM cloth WHERE cloth_id = ? 
2020-05-07 11:43:15.771 DEBUG 5684 --- [http-nio-10712-exec-5] c.z.beauty.mapper.ClothMapper.selectOne  : ==> Parameters: Qqq(String)
2020-05-07 11:43:15.771 TRACE 5684 --- [http-nio-10712-exec-5] c.z.beauty.mapper.ClothMapper.selectOne  : <==    Columns: id, cloth_id, picture, create_time
2020-05-07 11:43:15.787 TRACE 5684 --- [http-nio-10712-exec-5] c.z.beauty.mapper.ClothMapper.selectOne  : <==        Row: 26, Qqq, mmexport1579955265193.jpg, 2020-05-06 19:07:04
2020-05-07 11:43:15.788 DEBUG 5684 --- [http-nio-10712-exec-5] c.z.beauty.mapper.ClothMapper.selectOne  : <==      Total: 1
2020-05-07 11:43:15.790 DEBUG 5684 --- [http-nio-10712-exec-5] c.z.beauty.mapper.ClothMapper.selectOne  : ==>  Preparing: SELECT id,cloth_id,picture,create_time FROM cloth WHERE cloth_id = ? 
2020-05-07 11:43:15.791 DEBUG 5684 --- [http-nio-10712-exec-5] c.z.beauty.mapper.ClothMapper.selectOne  : ==> Parameters: Qqq(String)
2020-05-07 11:43:15.793 TRACE 5684 --- [http-nio-10712-exec-5] c.z.beauty.mapper.ClothMapper.selectOne  : <==    Columns: id, cloth_id, picture, create_time
2020-05-07 11:43:15.793 TRACE 5684 --- [http-nio-10712-exec-5] c.z.beauty.mapper.ClothMapper.selectOne  : <==        Row: 26, Qqq, mmexport1579955265193.jpg, 2020-05-06 19:07:04
2020-05-07 11:43:15.795 DEBUG 5684 --- [http-nio-10712-exec-5] c.z.beauty.mapper.ClothMapper.selectOne  : <==      Total: 1
2020-05-07 11:43:15.804 DEBUG 5684 --- [http-nio-10712-exec-5] c.zhl.beauty.mapper.ClothMapper.delete   : ==>  Preparing: DELETE FROM cloth WHERE id = ? AND cloth_id = ? AND picture = ? AND create_time = ? 
2020-05-07 11:43:15.806 DEBUG 5684 --- [http-nio-10712-exec-5] c.zhl.beauty.mapper.ClothMapper.delete   : ==> Parameters: 26(Integer), Qqq(String), mmexport1579955265193.jpg(String), 2020-05-06 19:07:04.0(Timestamp)
2020-05-07 11:43:15.813 DEBUG 5684 --- [http-nio-10712-exec-5] c.zhl.beauty.mapper.ClothMapper.delete   : <==    Updates: 1
2020-05-07 11:43:15.814 DEBUG 5684 --- [http-nio-10712-exec-5] c.z.b.m.ClothScheduledLogMapper.delete   : ==>  Preparing: DELETE FROM cloth_scheduled_log WHERE cloth_id = ? 
2020-05-07 11:43:15.814 DEBUG 5684 --- [http-nio-10712-exec-5] c.z.b.m.ClothScheduledLogMapper.delete   : ==> Parameters: Qqq(String)
2020-05-07 11:43:15.825 DEBUG 5684 --- [http-nio-10712-exec-5] c.z.b.m.ClothScheduledLogMapper.delete   : <==    Updates: 4
2020-05-07 11:43:18.132 DEBUG 5684 --- [http-nio-10712-exec-6] c.z.beauty.mapper.ClothMapper.selectOne  : ==>  Preparing: SELECT id,cloth_id,picture,create_time FROM cloth WHERE cloth_id = ? 
2020-05-07 11:43:18.132 DEBUG 5684 --- [http-nio-10712-exec-6] c.z.beauty.mapper.ClothMapper.selectOne  : ==> Parameters: Qqq(String)
2020-05-07 11:43:18.132 DEBUG 5684 --- [http-nio-10712-exec-6] c.z.beauty.mapper.ClothMapper.selectOne  : <==      Total: 0
2020-05-07 11:43:18.132  WARN 5684 --- [http-nio-10712-exec-6] c.z.b.s.i.ClothScheduledLogServiceImpl   : 不存在该衣服，无法查找相关预定记录, clothId:Qqq
2020-05-07 11:43:18.132  WARN 5684 --- [http-nio-10712-exec-6] c.z.b.c.GlobalExceptionHandler           : 后端出现了业务异常， errMsg:数据库不存在该衣服，请确定衣服编号或重新添加该衣服, exception:{}

com.zhl.beauty.common.exception.BeautyException: null
	at com.zhl.beauty.service.impl.ClothScheduledLogServiceImpl.findAllScheduledLog(ClothScheduledLogServiceImpl.java:104) ~[classes/:na]
	at com.zhl.beauty.controller.ClothScheduledController.findAllScheduledByClothId(ClothScheduledController.java:30) ~[classes/:na]
	at sun.reflect.NativeMethodAccessorImpl.invoke0(Native Method) ~[na:1.8.0_201]
	at sun.reflect.NativeMethodAccessorImpl.invoke(NativeMethodAccessorImpl.java:62) ~[na:1.8.0_201]
	at sun.reflect.DelegatingMethodAccessorImpl.invoke(DelegatingMethodAccessorImpl.java:43) ~[na:1.8.0_201]
	at java.lang.reflect.Method.invoke(Method.java:498) ~[na:1.8.0_201]
	at org.springframework.web.method.support.InvocableHandlerMethod.doInvoke(InvocableHandlerMethod.java:190) ~[spring-web-5.2.5.RELEASE.jar:5.2.5.RELEASE]
	at org.springframework.web.method.support.InvocableHandlerMethod.invokeForRequest(InvocableHandlerMethod.java:138) ~[spring-web-5.2.5.RELEASE.jar:5.2.5.RELEASE]
	at org.springframework.web.servlet.mvc.method.annotation.ServletInvocableHandlerMethod.invokeAndHandle(ServletInvocableHandlerMethod.java:105) ~[spring-webmvc-5.2.5.RELEASE.jar:5.2.5.RELEASE]
	at org.springframework.web.servlet.mvc.method.annotation.RequestMappingHandlerAdapter.invokeHandlerMethod(RequestMappingHandlerAdapter.java:879) ~[spring-webmvc-5.2.5.RELEASE.jar:5.2.5.RELEASE]
	at org.springframework.web.servlet.mvc.method.annotation.RequestMappingHandlerAdapter.handleInternal(RequestMappingHandlerAdapter.java:793) ~[spring-webmvc-5.2.5.RELEASE.jar:5.2.5.RELEASE]
	at org.springframework.web.servlet.mvc.method.AbstractHandlerMethodAdapter.handle(AbstractHandlerMethodAdapter.java:87) ~[spring-webmvc-5.2.5.RELEASE.jar:5.2.5.RELEASE]
	at org.springframework.web.servlet.DispatcherServlet.doDispatch(DispatcherServlet.java:1040) ~[spring-webmvc-5.2.5.RELEASE.jar:5.2.5.RELEASE]
	at org.springframework.web.servlet.DispatcherServlet.doService(DispatcherServlet.java:943) ~[spring-webmvc-5.2.5.RELEASE.jar:5.2.5.RELEASE]
	at org.springframework.web.servlet.FrameworkServlet.processRequest(FrameworkServlet.java:1006) [spring-webmvc-5.2.5.RELEASE.jar:5.2.5.RELEASE]
	at org.springframework.web.servlet.FrameworkServlet.doGet(FrameworkServlet.java:898) [spring-webmvc-5.2.5.RELEASE.jar:5.2.5.RELEASE]
	at javax.servlet.http.HttpServlet.service(HttpServlet.java:634) [tomcat-embed-core-9.0.33.jar:9.0.33]
	at org.springframework.web.servlet.FrameworkServlet.service(FrameworkServlet.java:883) [spring-webmvc-5.2.5.RELEASE.jar:5.2.5.RELEASE]
	at javax.servlet.http.HttpServlet.service(HttpServlet.java:741) [tomcat-embed-core-9.0.33.jar:9.0.33]
	at org.apache.catalina.core.ApplicationFilterChain.internalDoFilter(ApplicationFilterChain.java:231) [tomcat-embed-core-9.0.33.jar:9.0.33]
	at org.apache.catalina.core.ApplicationFilterChain.doFilter(ApplicationFilterChain.java:166) [tomcat-embed-core-9.0.33.jar:9.0.33]
	at org.apache.tomcat.websocket.server.WsFilter.doFilter(WsFilter.java:53) [tomcat-embed-websocket-9.0.33.jar:9.0.33]
	at org.apache.catalina.core.ApplicationFilterChain.internalDoFilter(ApplicationFilterChain.java:193) [tomcat-embed-core-9.0.33.jar:9.0.33]
	at org.apache.catalina.core.ApplicationFilterChain.doFilter(ApplicationFilterChain.java:166) [tomcat-embed-core-9.0.33.jar:9.0.33]
	at org.springframework.web.filter.CharacterEncodingFilter.doFilterInternal(CharacterEncodingFilter.java:201) [spring-web-5.2.5.RELEASE.jar:5.2.5.RELEASE]
	at org.springframework.web.filter.OncePerRequestFilter.doFilter(OncePerRequestFilter.java:119) [spring-web-5.2.5.RELEASE.jar:5.2.5.RELEASE]
	at org.apache.catalina.core.ApplicationFilterChain.internalDoFilter(ApplicationFilterChain.java:193) [tomcat-embed-core-9.0.33.jar:9.0.33]
	at org.apache.catalina.core.ApplicationFilterChain.doFilter(ApplicationFilterChain.java:166) [tomcat-embed-core-9.0.33.jar:9.0.33]
	at org.apache.catalina.core.StandardWrapperValve.invoke(StandardWrapperValve.java:202) [tomcat-embed-core-9.0.33.jar:9.0.33]
	at org.apache.catalina.core.StandardContextValve.invoke(StandardContextValve.java:96) [tomcat-embed-core-9.0.33.jar:9.0.33]
	at org.apache.catalina.authenticator.AuthenticatorBase.invoke(AuthenticatorBase.java:541) [tomcat-embed-core-9.0.33.jar:9.0.33]
	at org.apache.catalina.core.StandardHostValve.invoke(StandardHostValve.java:139) [tomcat-embed-core-9.0.33.jar:9.0.33]
	at org.apache.catalina.valves.ErrorReportValve.invoke(ErrorReportValve.java:92) [tomcat-embed-core-9.0.33.jar:9.0.33]
	at org.apache.catalina.core.StandardEngineValve.invoke(StandardEngineValve.java:74) [tomcat-embed-core-9.0.33.jar:9.0.33]
	at org.apache.catalina.connector.CoyoteAdapter.service(CoyoteAdapter.java:343) [tomcat-embed-core-9.0.33.jar:9.0.33]
	at org.apache.coyote.http11.Http11Processor.service(Http11Processor.java:373) [tomcat-embed-core-9.0.33.jar:9.0.33]
	at org.apache.coyote.AbstractProcessorLight.process(AbstractProcessorLight.java:65) [tomcat-embed-core-9.0.33.jar:9.0.33]
	at org.apache.coyote.AbstractProtocol$ConnectionHandler.process(AbstractProtocol.java:868) [tomcat-embed-core-9.0.33.jar:9.0.33]
	at org.apache.tomcat.util.net.NioEndpoint$SocketProcessor.doRun(NioEndpoint.java:1594) [tomcat-embed-core-9.0.33.jar:9.0.33]
	at org.apache.tomcat.util.net.SocketProcessorBase.run(SocketProcessorBase.java:49) [tomcat-embed-core-9.0.33.jar:9.0.33]
	at java.util.concurrent.ThreadPoolExecutor.runWorker(ThreadPoolExecutor.java:1149) [na:1.8.0_201]
	at java.util.concurrent.ThreadPoolExecutor$Worker.run(ThreadPoolExecutor.java:624) [na:1.8.0_201]
	at org.apache.tomcat.util.threads.TaskThread$WrappingRunnable.run(TaskThread.java:61) [tomcat-embed-core-9.0.33.jar:9.0.33]
	at java.lang.Thread.run(Thread.java:748) [na:1.8.0_201]

2020-05-07 11:55:12.814  INFO 5684 --- [SpringContextShutdownHook] com.zaxxer.hikari.HikariDataSource       : HikariPool-1 - Shutdown initiated...
2020-05-07 11:55:12.830  INFO 5684 --- [SpringContextShutdownHook] com.zaxxer.hikari.HikariDataSource       : HikariPool-1 - Shutdown completed.
